This file contains any messages produced by compilers while
running configure, to aid debugging if configure makes a mistake.

It was created by FbTerm configure 1.7, which was
generated by GNU Autoconf 2.65.  Invocation command line was

  $ ./configure 

## --------- ##
## Platform. ##
## --------- ##

hostname = ZX-Spectrum
uname -m = x86_64
uname -r = 3.9.4-1-ARCH
uname -s = Linux
uname -v = #1 SMP PREEMPT Sat May 25 16:14:55 CEST 2013

/usr/bin/uname -p = unknown
/bin/uname -X     = unknown

/bin/arch              = unknown
/usr/bin/arch -k       = unknown
/usr/convex/getsysinfo = unknown
/usr/bin/hostinfo      = unknown
/bin/machine           = unknown
/usr/bin/oslevel       = unknown
/bin/universe          = unknown

PATH: /usr/local/bin
PATH: /usr/bin
PATH: /bin
PATH: /usr/local/sbin
PATH: /usr/sbin
PATH: /sbin
PATH: /usr/bin/core_perl


## ----------- ##
## Core tests. ##
## ----------- ##

configure:2272: checking for a BSD-compatible install
configure:2340: result: /usr/bin/install -c
configure:2351: checking whether build environment is sane
configure:2401: result: yes
configure:2542: checking for a thread-safe mkdir -p
configure:2581: result: /usr/bin/mkdir -p
configure:2594: checking for gawk
configure:2610: found /usr/bin/gawk
configure:2621: result: gawk
configure:2632: checking whether make sets $(MAKE)
configure:2654: result: yes
configure:2800: checking for g++
configure:2816: found /usr/bin/g++
configure:2827: result: g++
configure:2854: checking for C++ compiler version
configure:2863: g++ --version >&5
g++ (GCC) 4.8.0 20130502 (prerelease)
Copyright (C) 2013 Free Software Foundation, Inc.
This is free software; see the source for copying conditions.  There is NO
warranty; not even for MERCHANTABILITY or FITNESS FOR A PARTICULAR PURPOSE.

configure:2874: $? = 0
configure:2863: g++ -v >&5
Using built-in specs.
COLLECT_GCC=g++
COLLECT_LTO_WRAPPER=/usr/lib/gcc/x86_64-unknown-linux-gnu/4.8.0/lto-wrapper
Target: x86_64-unknown-linux-gnu
Configured with: /build/src/gcc-4.8-20130502/configure --prefix=/usr --libdir=/usr/lib --libexecdir=/usr/lib --mandir=/usr/share/man --infodir=/usr/share/info --with-bugurl=https://bugs.archlinux.org/ --enable-languages=c,c++,ada,fortran,go,lto,objc,obj-c++ --enable-shared --enable-threads=posix --with-system-zlib --enable-__cxa_atexit --disable-libunwind-exceptions --enable-clocale=gnu --disable-libstdcxx-pch --enable-gnu-unique-object --enable-linker-build-id --enable-cloog-backend=isl --disable-cloog-version-check --enable-lto --enable-gold --enable-ld=default --enable-plugin --with-plugin-ld=ld.gold --with-linker-hash-style=gnu --disable-install-libiberty --disable-multilib --disable-libssp --disable-werror --enable-checking=release
Thread model: posix
gcc version 4.8.0 20130502 (prerelease) (GCC) 
configure:2874: $? = 0
configure:2863: g++ -V >&5
g++: error: unrecognized command line option '-V'
g++: fatal error: no input files
compilation terminated.
configure:2874: $? = 1
configure:2863: g++ -qversion >&5
g++: error: unrecognized command line option '-qversion'
g++: fatal error: no input files
compilation terminated.
configure:2874: $? = 1
configure:2894: checking whether the C++ compiler works
configure:2916: g++    conftest.cpp  >&5
configure:2920: $? = 0
configure:2969: result: yes
configure:2972: checking for C++ compiler default output file name
configure:2974: result: a.out
configure:2980: checking for suffix of executables
configure:2987: g++ -o conftest    conftest.cpp  >&5
configure:2991: $? = 0
configure:3013: result: 
configure:3035: checking whether we are cross compiling
configure:3043: g++ -o conftest    conftest.cpp  >&5
configure:3047: $? = 0
configure:3054: ./conftest
configure:3058: $? = 0
configure:3073: result: no
configure:3078: checking for suffix of object files
configure:3100: g++ -c   conftest.cpp >&5
configure:3104: $? = 0
configure:3125: result: o
configure:3129: checking whether we are using the GNU C++ compiler
configure:3148: g++ -c   conftest.cpp >&5
configure:3148: $? = 0
configure:3157: result: yes
configure:3166: checking whether g++ accepts -g
configure:3186: g++ -c -g  conftest.cpp >&5
configure:3186: $? = 0
configure:3227: result: yes
configure:3261: checking for style of include used by make
configure:3289: result: GNU
configure:3314: checking dependency style of g++
configure:3424: result: gcc3
configure:3487: checking for gcc
configure:3503: found /usr/bin/gcc
configure:3514: result: gcc
configure:3743: checking for C compiler version
configure:3752: gcc --version >&5
gcc (GCC) 4.8.0 20130502 (prerelease)
Copyright (C) 2013 Free Software Foundation, Inc.
This is free software; see the source for copying conditions.  There is NO
warranty; not even for MERCHANTABILITY or FITNESS FOR A PARTICULAR PURPOSE.

configure:3763: $? = 0
configure:3752: gcc -v >&5
Using built-in specs.
COLLECT_GCC=gcc
COLLECT_LTO_WRAPPER=/usr/lib/gcc/x86_64-unknown-linux-gnu/4.8.0/lto-wrapper
Target: x86_64-unknown-linux-gnu
Configured with: /build/src/gcc-4.8-20130502/configure --prefix=/usr --libdir=/usr/lib --libexecdir=/usr/lib --mandir=/usr/share/man --infodir=/usr/share/info --with-bugurl=https://bugs.archlinux.org/ --enable-languages=c,c++,ada,fortran,go,lto,objc,obj-c++ --enable-shared --enable-threads=posix --with-system-zlib --enable-__cxa_atexit --disable-libunwind-exceptions --enable-clocale=gnu --disable-libstdcxx-pch --enable-gnu-unique-object --enable-linker-build-id --enable-cloog-backend=isl --disable-cloog-version-check --enable-lto --enable-gold --enable-ld=default --enable-plugin --with-plugin-ld=ld.gold --with-linker-hash-style=gnu --disable-install-libiberty --disable-multilib --disable-libssp --disable-werror --enable-checking=release
Thread model: posix
gcc version 4.8.0 20130502 (prerelease) (GCC) 
configure:3763: $? = 0
configure:3752: gcc -V >&5
gcc: error: unrecognized command line option '-V'
gcc: fatal error: no input files
compilation terminated.
configure:3763: $? = 1
configure:3752: gcc -qversion >&5
gcc: error: unrecognized command line option '-qversion'
gcc: fatal error: no input files
compilation terminated.
configure:3763: $? = 1
configure:3767: checking whether we are using the GNU C compiler
configure:3786: gcc -c   conftest.c >&5
configure:3786: $? = 0
configure:3795: result: yes
configure:3804: checking whether gcc accepts -g
configure:3824: gcc -c -g  conftest.c >&5
configure:3824: $? = 0
configure:3865: result: yes
configure:3882: checking for gcc option to accept ISO C89
configure:3946: gcc  -c -g -O2  conftest.c >&5
configure:3946: $? = 0
configure:3959: result: none needed
configure:3981: checking dependency style of gcc
configure:4091: result: gcc3
configure:4149: checking for ranlib
configure:4165: found /usr/bin/ranlib
configure:4176: result: ranlib
configure:4247: checking for pkg-config
configure:4265: found /usr/bin/pkg-config
configure:4277: result: /usr/bin/pkg-config
configure:4302: checking pkg-config is at least version 0.9.0
configure:4305: result: yes
configure:4350: checking for forkpty in -lutil
configure:4375: gcc -o conftest -g -O2   conftest.c -lutil   >&5
configure:4375: $? = 0
configure:4384: result: yes
configure:4397: checking for FT2
configure:4405: $PKG_CONFIG --exists --print-errors "freetype2"
configure:4408: $? = 0
configure:4423: $PKG_CONFIG --exists --print-errors "freetype2"
configure:4426: $? = 0
configure:4481: result: yes
configure:4487: checking for FC
configure:4495: $PKG_CONFIG --exists --print-errors "fontconfig"
configure:4498: $? = 0
configure:4513: $PKG_CONFIG --exists --print-errors "fontconfig"
configure:4516: $? = 0
configure:4571: result: yes
configure:4582: checking how to run the C preprocessor
configure:4613: gcc -E  conftest.c
configure:4613: $? = 0
configure:4627: gcc -E  conftest.c
conftest.c:12:28: fatal error: ac_nonexistent.h: No such file or directory
 #include <ac_nonexistent.h>
                            ^
compilation terminated.
configure:4627: $? = 1
configure: failed program was:
| /* confdefs.h */
| #define PACKAGE_NAME "FbTerm"
| #define PACKAGE_TARNAME "fbterm"
| #define PACKAGE_VERSION "1.7"
| #define PACKAGE_STRING "FbTerm 1.7"
| #define PACKAGE_BUGREPORT ""
| #define PACKAGE_URL ""
| #define PACKAGE "fbterm"
| #define VERSION "1.7"
| #define HAVE_LIBUTIL 1
| /* end confdefs.h.  */
| #include <ac_nonexistent.h>
configure:4652: result: gcc -E
configure:4672: gcc -E  conftest.c
configure:4672: $? = 0
configure:4686: gcc -E  conftest.c
conftest.c:12:28: fatal error: ac_nonexistent.h: No such file or directory
 #include <ac_nonexistent.h>
                            ^
compilation terminated.
configure:4686: $? = 1
configure: failed program was:
| /* confdefs.h */
| #define PACKAGE_NAME "FbTerm"
| #define PACKAGE_TARNAME "fbterm"
| #define PACKAGE_VERSION "1.7"
| #define PACKAGE_STRING "FbTerm 1.7"
| #define PACKAGE_BUGREPORT ""
| #define PACKAGE_URL ""
| #define PACKAGE "fbterm"
| #define VERSION "1.7"
| #define HAVE_LIBUTIL 1
| /* end confdefs.h.  */
| #include <ac_nonexistent.h>
configure:4715: checking for grep that handles long lines and -e
configure:4773: result: /usr/bin/grep
configure:4778: checking for egrep
configure:4840: result: /usr/bin/grep -E
configure:4845: checking for ANSI C header files
configure:4865: gcc -c -g -O2  conftest.c >&5
configure:4865: $? = 0
configure:4938: gcc -o conftest -g -O2   conftest.c -lutil  >&5
configure:4938: $? = 0
configure:4938: ./conftest
configure:4938: $? = 0
configure:4949: result: yes
configure:4957: checking for sys/wait.h that is POSIX.1 compatible
configure:4983: gcc -c -g -O2  conftest.c >&5
configure:4983: $? = 0
configure:4990: result: yes
configure:5003: checking for sys/types.h
configure:5003: gcc -c -g -O2  conftest.c >&5
configure:5003: $? = 0
configure:5003: result: yes
configure:5003: checking for sys/stat.h
configure:5003: gcc -c -g -O2  conftest.c >&5
configure:5003: $? = 0
configure:5003: result: yes
configure:5003: checking for stdlib.h
configure:5003: gcc -c -g -O2  conftest.c >&5
configure:5003: $? = 0
configure:5003: result: yes
configure:5003: checking for string.h
configure:5003: gcc -c -g -O2  conftest.c >&5
configure:5003: $? = 0
configure:5003: result: yes
configure:5003: checking for memory.h
configure:5003: gcc -c -g -O2  conftest.c >&5
configure:5003: $? = 0
configure:5003: result: yes
configure:5003: checking for strings.h
configure:5003: gcc -c -g -O2  conftest.c >&5
configure:5003: $? = 0
configure:5003: result: yes
configure:5003: checking for inttypes.h
configure:5003: gcc -c -g -O2  conftest.c >&5
configure:5003: $? = 0
configure:5003: result: yes
configure:5003: checking for stdint.h
configure:5003: gcc -c -g -O2  conftest.c >&5
configure:5003: $? = 0
configure:5003: result: yes
configure:5003: checking for unistd.h
configure:5003: gcc -c -g -O2  conftest.c >&5
configure:5003: $? = 0
configure:5003: result: yes
configure:5020: checking fcntl.h usability
configure:5020: gcc -c -g -O2  conftest.c >&5
configure:5020: $? = 0
configure:5020: result: yes
configure:5020: checking fcntl.h presence
configure:5020: gcc -E  conftest.c
configure:5020: $? = 0
configure:5020: result: yes
configure:5020: checking for fcntl.h
configure:5020: result: yes
configure:5020: checking langinfo.h usability
configure:5020: gcc -c -g -O2  conftest.c >&5
configure:5020: $? = 0
configure:5020: result: yes
configure:5020: checking langinfo.h presence
configure:5020: gcc -E  conftest.c
configure:5020: $? = 0
configure:5020: result: yes
configure:5020: checking for langinfo.h
configure:5020: result: yes
configure:5020: checking locale.h usability
configure:5020: gcc -c -g -O2  conftest.c >&5
configure:5020: $? = 0
configure:5020: result: yes
configure:5020: checking locale.h presence
configure:5020: gcc -E  conftest.c
configure:5020: $? = 0
configure:5020: result: yes
configure:5020: checking for locale.h
configure:5020: result: yes
configure:5020: checking stddef.h usability
configure:5020: gcc -c -g -O2  conftest.c >&5
configure:5020: $? = 0
configure:5020: result: yes
configure:5020: checking stddef.h presence
configure:5020: gcc -E  conftest.c
configure:5020: $? = 0
configure:5020: result: yes
configure:5020: checking for stddef.h
configure:5020: result: yes
configure:5020: checking for stdlib.h
configure:5020: result: yes
configure:5020: checking for string.h
configure:5020: result: yes
configure:5020: checking termios.h usability
configure:5020: gcc -c -g -O2  conftest.c >&5
configure:5020: $? = 0
configure:5020: result: yes
configure:5020: checking termios.h presence
configure:5020: gcc -E  conftest.c
configure:5020: $? = 0
configure:5020: result: yes
configure:5020: checking for termios.h
configure:5020: result: yes
configure:5020: checking for unistd.h
configure:5020: result: yes
configure:5020: checking sys/ioctl.h usability
configure:5020: gcc -c -g -O2  conftest.c >&5
configure:5020: $? = 0
configure:5020: result: yes
configure:5020: checking sys/ioctl.h presence
configure:5020: gcc -E  conftest.c
configure:5020: $? = 0
configure:5020: result: yes
configure:5020: checking for sys/ioctl.h
configure:5020: result: yes
configure:5020: checking sys/socket.h usability
configure:5020: gcc -c -g -O2  conftest.c >&5
configure:5020: $? = 0
configure:5020: result: yes
configure:5020: checking sys/socket.h presence
configure:5020: gcc -E  conftest.c
configure:5020: $? = 0
configure:5020: result: yes
configure:5020: checking for sys/socket.h
configure:5020: result: yes
configure:5020: checking sys/time.h usability
configure:5020: gcc -c -g -O2  conftest.c >&5
configure:5020: $? = 0
configure:5020: result: yes
configure:5020: checking sys/time.h presence
configure:5020: gcc -E  conftest.c
configure:5020: $? = 0
configure:5020: result: yes
configure:5020: checking for sys/time.h
configure:5020: result: yes
configure:5020: checking linux/fb.h usability
configure:5020: gcc -c -g -O2  conftest.c >&5
configure:5020: $? = 0
configure:5020: result: yes
configure:5020: checking linux/fb.h presence
configure:5020: gcc -E  conftest.c
configure:5020: $? = 0
configure:5020: result: yes
configure:5020: checking for linux/fb.h
configure:5020: result: yes
configure:5020: checking linux/kd.h usability
configure:5020: gcc -c -g -O2  conftest.c >&5
configure:5020: $? = 0
configure:5020: result: yes
configure:5020: checking linux/kd.h presence
configure:5020: gcc -E  conftest.c
configure:5020: $? = 0
configure:5020: result: yes
configure:5020: checking for linux/kd.h
configure:5020: result: yes
configure:5020: checking linux/keyboard.h usability
configure:5020: gcc -c -g -O2  conftest.c >&5
configure:5020: $? = 0
configure:5020: result: yes
configure:5020: checking linux/keyboard.h presence
configure:5020: gcc -E  conftest.c
configure:5020: $? = 0
configure:5020: result: yes
configure:5020: checking for linux/keyboard.h
configure:5020: result: yes
configure:5020: checking linux/input.h usability
configure:5020: gcc -c -g -O2  conftest.c >&5
configure:5020: $? = 0
configure:5020: result: yes
configure:5020: checking linux/input.h presence
configure:5020: gcc -E  conftest.c
configure:5020: $? = 0
configure:5020: result: yes
configure:5020: checking for linux/input.h
configure:5020: result: yes
configure:5035: checking for stdbool.h that conforms to C99
configure:5120: gcc -c -g -O2  conftest.c >&5
configure:5120: $? = 0
configure:5127: result: yes
configure:5129: checking for _Bool
configure:5129: gcc -c -g -O2  conftest.c >&5
configure:5129: $? = 0
configure:5129: gcc -c -g -O2  conftest.c >&5
conftest.c: In function 'main':
conftest.c:74:20: error: expected expression before ')' token
 if (sizeof ((_Bool)))
                    ^
configure:5129: $? = 1
configure: failed program was:
| /* confdefs.h */
| #define PACKAGE_NAME "FbTerm"
| #define PACKAGE_TARNAME "fbterm"
| #define PACKAGE_VERSION "1.7"
| #define PACKAGE_STRING "FbTerm 1.7"
| #define PACKAGE_BUGREPORT ""
| #define PACKAGE_URL ""
| #define PACKAGE "fbterm"
| #define VERSION "1.7"
| #define HAVE_LIBUTIL 1
| #define STDC_HEADERS 1
| #define HAVE_SYS_WAIT_H 1
| #define HAVE_SYS_TYPES_H 1
| #define HAVE_SYS_STAT_H 1
| #define HAVE_STDLIB_H 1
| #define HAVE_STRING_H 1
| #define HAVE_MEMORY_H 1
| #define HAVE_STRINGS_H 1
| #define HAVE_INTTYPES_H 1
| #define HAVE_STDINT_H 1
| #define HAVE_UNISTD_H 1
| #define HAVE_FCNTL_H 1
| #define HAVE_LANGINFO_H 1
| #define HAVE_LOCALE_H 1
| #define HAVE_STDDEF_H 1
| #define HAVE_STDLIB_H 1
| #define HAVE_STRING_H 1
| #define HAVE_TERMIOS_H 1
| #define HAVE_UNISTD_H 1
| #define HAVE_SYS_IOCTL_H 1
| #define HAVE_SYS_SOCKET_H 1
| #define HAVE_SYS_TIME_H 1
| #define HAVE_LINUX_FB_H 1
| #define HAVE_LINUX_KD_H 1
| #define HAVE_LINUX_KEYBOARD_H 1
| #define HAVE_LINUX_INPUT_H 1
| /* end confdefs.h.  */
| #include <stdio.h>
| #ifdef HAVE_SYS_TYPES_H
| # include <sys/types.h>
| #endif
| #ifdef HAVE_SYS_STAT_H
| # include <sys/stat.h>
| #endif
| #ifdef STDC_HEADERS
| # include <stdlib.h>
| # include <stddef.h>
| #else
| # ifdef HAVE_STDLIB_H
| #  include <stdlib.h>
| # endif
| #endif
| #ifdef HAVE_STRING_H
| # if !defined STDC_HEADERS && defined HAVE_MEMORY_H
| #  include <memory.h>
| # endif
| # include <string.h>
| #endif
| #ifdef HAVE_STRINGS_H
| # include <strings.h>
| #endif
| #ifdef HAVE_INTTYPES_H
| # include <inttypes.h>
| #endif
| #ifdef HAVE_STDINT_H
| # include <stdint.h>
| #endif
| #ifdef HAVE_UNISTD_H
| # include <unistd.h>
| #endif
| int
| main ()
| {
| if (sizeof ((_Bool)))
| 	    return 0;
|   ;
|   return 0;
| }
configure:5129: result: yes
configure:5145: checking for an ANSI C-conforming const
configure:5210: gcc -c -g -O2  conftest.c >&5
configure:5210: $? = 0
configure:5217: result: yes
configure:5225: checking whether struct tm is in sys/time.h or time.h
configure:5245: gcc -c -g -O2  conftest.c >&5
configure:5245: $? = 0
configure:5252: result: time.h
configure:5263: checking whether gcc needs -traditional
configure:5297: result: no
configure:5310: checking for stdlib.h
configure:5310: result: yes
configure:5310: checking for unistd.h
configure:5310: result: yes
configure:5310: checking for sys/param.h
configure:5310: gcc -c -g -O2  conftest.c >&5
configure:5310: $? = 0
configure:5310: result: yes
configure:5331: checking for getpagesize
configure:5331: gcc -o conftest -g -O2   conftest.c -lutil  >&5
configure:5331: $? = 0
configure:5331: result: yes
configure:5340: checking for working mmap
configure:5487: gcc -o conftest -g -O2   conftest.c -lutil  >&5
configure:5487: $? = 0
configure:5487: ./conftest
configure:5487: $? = 0
configure:5497: result: yes
configure:5506: checking return type of signal handlers
configure:5524: gcc -c -g -O2  conftest.c >&5
conftest.c: In function 'main':
conftest.c:51:1: error: void value not ignored as it ought to be
 return *(signal (0, 0)) (0) == 1;
 ^
configure:5524: $? = 1
configure: failed program was:
| /* confdefs.h */
| #define PACKAGE_NAME "FbTerm"
| #define PACKAGE_TARNAME "fbterm"
| #define PACKAGE_VERSION "1.7"
| #define PACKAGE_STRING "FbTerm 1.7"
| #define PACKAGE_BUGREPORT ""
| #define PACKAGE_URL ""
| #define PACKAGE "fbterm"
| #define VERSION "1.7"
| #define HAVE_LIBUTIL 1
| #define STDC_HEADERS 1
| #define HAVE_SYS_WAIT_H 1
| #define HAVE_SYS_TYPES_H 1
| #define HAVE_SYS_STAT_H 1
| #define HAVE_STDLIB_H 1
| #define HAVE_STRING_H 1
| #define HAVE_MEMORY_H 1
| #define HAVE_STRINGS_H 1
| #define HAVE_INTTYPES_H 1
| #define HAVE_STDINT_H 1
| #define HAVE_UNISTD_H 1
| #define HAVE_FCNTL_H 1
| #define HAVE_LANGINFO_H 1
| #define HAVE_LOCALE_H 1
| #define HAVE_STDDEF_H 1
| #define HAVE_STDLIB_H 1
| #define HAVE_STRING_H 1
| #define HAVE_TERMIOS_H 1
| #define HAVE_UNISTD_H 1
| #define HAVE_SYS_IOCTL_H 1
| #define HAVE_SYS_SOCKET_H 1
| #define HAVE_SYS_TIME_H 1
| #define HAVE_LINUX_FB_H 1
| #define HAVE_LINUX_KD_H 1
| #define HAVE_LINUX_KEYBOARD_H 1
| #define HAVE_LINUX_INPUT_H 1
| #define HAVE__BOOL 1
| #define HAVE_STDBOOL_H 1
| #define HAVE_STDLIB_H 1
| #define HAVE_UNISTD_H 1
| #define HAVE_SYS_PARAM_H 1
| #define HAVE_GETPAGESIZE 1
| #define HAVE_MMAP 1
| /* end confdefs.h.  */
| #include <sys/types.h>
| #include <signal.h>
| 
| int
| main ()
| {
| return *(signal (0, 0)) (0) == 1;
|   ;
|   return 0;
| }
configure:5531: result: void
configure:5539: checking whether lstat correctly handles trailing slash
configure:5565: gcc -o conftest -g -O2   conftest.c -lutil  >&5
configure:5565: $? = 0
configure:5565: ./conftest
configure:5565: $? = 0
configure:5582: result: yes
configure:5601: checking whether stat accepts an empty string
configure:5621: gcc -o conftest -g -O2   conftest.c -lutil  >&5
configure:5621: $? = 0
configure:5621: ./conftest
configure:5621: $? = 0
configure:5631: result: no
configure:5650: checking for memset
configure:5650: gcc -o conftest -g -O2   conftest.c -lutil  >&5
conftest.c:70:6: warning: conflicting types for built-in function 'memset' [enabled by default]
 char memset ();
      ^
configure:5650: $? = 0
configure:5650: result: yes
configure:5650: checking for memmove
configure:5650: gcc -o conftest -g -O2   conftest.c -lutil  >&5
conftest.c:71:6: warning: conflicting types for built-in function 'memmove' [enabled by default]
 char memmove ();
      ^
configure:5650: $? = 0
configure:5650: result: yes
configure:5650: checking for munmap
configure:5650: gcc -o conftest -g -O2   conftest.c -lutil  >&5
configure:5650: $? = 0
configure:5650: result: yes
configure:5650: checking for nl_langinfo
configure:5650: gcc -o conftest -g -O2   conftest.c -lutil  >&5
configure:5650: $? = 0
configure:5650: result: yes
configure:5650: checking for setenv
configure:5650: gcc -o conftest -g -O2   conftest.c -lutil  >&5
configure:5650: $? = 0
configure:5650: result: yes
configure:5650: checking for setlocale
configure:5650: gcc -o conftest -g -O2   conftest.c -lutil  >&5
configure:5650: $? = 0
configure:5650: result: yes
configure:5650: checking for socket
configure:5650: gcc -o conftest -g -O2   conftest.c -lutil  >&5
configure:5650: $? = 0
configure:5650: result: yes
configure:5650: checking for strcasecmp
configure:5650: gcc -o conftest -g -O2   conftest.c -lutil  >&5
conftest.c:77:6: warning: conflicting types for built-in function 'strcasecmp' [enabled by default]
 char strcasecmp ();
      ^
configure:5650: $? = 0
configure:5650: result: yes
configure:5650: checking for strchr
configure:5650: gcc -o conftest -g -O2   conftest.c -lutil  >&5
conftest.c:78:6: warning: conflicting types for built-in function 'strchr' [enabled by default]
 char strchr ();
      ^
configure:5650: $? = 0
configure:5650: result: yes
configure:5650: checking for strstr
configure:5650: gcc -o conftest -g -O2   conftest.c -lutil  >&5
conftest.c:79:6: warning: conflicting types for built-in function 'strstr' [enabled by default]
 char strstr ();
      ^
configure:5650: $? = 0
configure:5650: result: yes
configure:5650: checking for strtol
configure:5650: gcc -o conftest -g -O2   conftest.c -lutil  >&5
configure:5650: $? = 0
configure:5650: result: yes
configure:5667: checking gpm.h usability
configure:5667: gcc -c -g -O2  conftest.c >&5
configure:5667: $? = 0
configure:5667: result: yes
configure:5667: checking gpm.h presence
configure:5667: gcc -E  conftest.c
configure:5667: $? = 0
configure:5667: result: yes
configure:5667: checking for gpm.h
configure:5667: result: yes
configure:5689: checking libx86.h usability
configure:5689: gcc -c -g -O2  conftest.c >&5
configure:5689: $? = 0
configure:5689: result: yes
configure:5689: checking libx86.h presence
configure:5689: gcc -E  conftest.c
configure:5689: $? = 0
configure:5689: result: yes
configure:5689: checking for libx86.h
configure:5689: result: yes
configure:5725: gcc -o conftest -g -O2   conftest.c -lutil  >&5
configure:5725: $? = 0
configure:5725: ./conftest
configure:5725: $? = 0
configure:5753: gcc -o conftest -g -O2   conftest.c -lutil  >&5
configure:5753: $? = 0
configure:5753: ./conftest
configure:5753: $? = 0
configure:5921: creating ./config.status

## ---------------------- ##
## Running config.status. ##
## ---------------------- ##

This file was extended by FbTerm config.status 1.7, which was
generated by GNU Autoconf 2.65.  Invocation command line was

  CONFIG_FILES    = 
  CONFIG_HEADERS  = 
  CONFIG_LINKS    = 
  CONFIG_COMMANDS = 
  $ ./config.status 

on ZX-Spectrum

config.status:922: creating Makefile
config.status:922: creating src/Makefile
config.status:922: creating src/lib/Makefile
config.status:922: creating im/Makefile
config.status:922: creating terminfo/Makefile
config.status:922: creating doc/Makefile
config.status:922: creating doc/fbterm.1
config.status:922: creating config.h
config.status:1154: linking src/input_key.h to im/input_key.h
config.status:1154: linking src/immessage.h to im/immessage.h
config.status:1173: executing depfiles commands

## ---------------- ##
## Cache variables. ##
## ---------------- ##

ac_cv_c_compiler_gnu=yes
ac_cv_c_const=yes
ac_cv_cxx_compiler_gnu=yes
ac_cv_env_CCC_set=
ac_cv_env_CCC_value=
ac_cv_env_CC_set=
ac_cv_env_CC_value=
ac_cv_env_CFLAGS_set=
ac_cv_env_CFLAGS_value=
ac_cv_env_CPPFLAGS_set=
ac_cv_env_CPPFLAGS_value=
ac_cv_env_CPP_set=
ac_cv_env_CPP_value=
ac_cv_env_CXXFLAGS_set=
ac_cv_env_CXXFLAGS_value=
ac_cv_env_CXX_set=
ac_cv_env_CXX_value=
ac_cv_env_FC_CFLAGS_set=
ac_cv_env_FC_CFLAGS_value=
ac_cv_env_FC_LIBS_set=
ac_cv_env_FC_LIBS_value=
ac_cv_env_FT2_CFLAGS_set=
ac_cv_env_FT2_CFLAGS_value=
ac_cv_env_FT2_LIBS_set=
ac_cv_env_FT2_LIBS_value=
ac_cv_env_LDFLAGS_set=
ac_cv_env_LDFLAGS_value=
ac_cv_env_LIBS_set=
ac_cv_env_LIBS_value=
ac_cv_env_PKG_CONFIG_set=
ac_cv_env_PKG_CONFIG_value=
ac_cv_env_build_alias_set=
ac_cv_env_build_alias_value=
ac_cv_env_host_alias_set=
ac_cv_env_host_alias_value=
ac_cv_env_target_alias_set=
ac_cv_env_target_alias_value=
ac_cv_func_getpagesize=yes
ac_cv_func_lstat_dereferences_slashed_symlink=yes
ac_cv_func_memmove=yes
ac_cv_func_memset=yes
ac_cv_func_mmap_fixed_mapped=yes
ac_cv_func_munmap=yes
ac_cv_func_nl_langinfo=yes
ac_cv_func_setenv=yes
ac_cv_func_setlocale=yes
ac_cv_func_socket=yes
ac_cv_func_stat_empty_string_bug=no
ac_cv_func_strcasecmp=yes
ac_cv_func_strchr=yes
ac_cv_func_strstr=yes
ac_cv_func_strtol=yes
ac_cv_header_fcntl_h=yes
ac_cv_header_gpm_h=yes
ac_cv_header_inttypes_h=yes
ac_cv_header_langinfo_h=yes
ac_cv_header_libx86_h=yes
ac_cv_header_linux_fb_h=yes
ac_cv_header_linux_input_h=yes
ac_cv_header_linux_kd_h=yes
ac_cv_header_linux_keyboard_h=yes
ac_cv_header_locale_h=yes
ac_cv_header_memory_h=yes
ac_cv_header_stdbool_h=yes
ac_cv_header_stdc=yes
ac_cv_header_stddef_h=yes
ac_cv_header_stdint_h=yes
ac_cv_header_stdlib_h=yes
ac_cv_header_string_h=yes
ac_cv_header_strings_h=yes
ac_cv_header_sys_ioctl_h=yes
ac_cv_header_sys_param_h=yes
ac_cv_header_sys_socket_h=yes
ac_cv_header_sys_stat_h=yes
ac_cv_header_sys_time_h=yes
ac_cv_header_sys_types_h=yes
ac_cv_header_sys_wait_h=yes
ac_cv_header_termios_h=yes
ac_cv_header_unistd_h=yes
ac_cv_lib_util_forkpty=yes
ac_cv_objext=o
ac_cv_path_EGREP='/usr/bin/grep -E'
ac_cv_path_GREP=/usr/bin/grep
ac_cv_path_ac_pt_PKG_CONFIG=/usr/bin/pkg-config
ac_cv_path_install='/usr/bin/install -c'
ac_cv_path_mkdir=/usr/bin/mkdir
ac_cv_prog_AWK=gawk
ac_cv_prog_CPP='gcc -E'
ac_cv_prog_ac_ct_CC=gcc
ac_cv_prog_ac_ct_CXX=g++
ac_cv_prog_ac_ct_RANLIB=ranlib
ac_cv_prog_cc_c89=
ac_cv_prog_cc_g=yes
ac_cv_prog_cxx_g=yes
ac_cv_prog_gcc_traditional=no
ac_cv_prog_make_make_set=yes
ac_cv_struct_tm=time.h
ac_cv_type__Bool=yes
ac_cv_type_signal=void
am_cv_CC_dependencies_compiler_type=gcc3
am_cv_CXX_dependencies_compiler_type=gcc3
pkg_cv_FC_CFLAGS=
pkg_cv_FC_LIBS='-lfontconfig '
pkg_cv_FT2_CFLAGS='-I/usr/include/freetype2 '
pkg_cv_FT2_LIBS='-lfreetype '

## ----------------- ##
## Output variables. ##
## ----------------- ##

ACLOCAL='${SHELL} /home/soviet/Sources/fbterm-1.7/missing --run aclocal-1.11'
AMDEPBACKSLASH='\'
AMDEP_FALSE='#'
AMDEP_TRUE=''
AMTAR='${SHELL} /home/soviet/Sources/fbterm-1.7/missing --run tar'
AUTOCONF='${SHELL} /home/soviet/Sources/fbterm-1.7/missing --run autoconf'
AUTOHEADER='${SHELL} /home/soviet/Sources/fbterm-1.7/missing --run autoheader'
AUTOMAKE='${SHELL} /home/soviet/Sources/fbterm-1.7/missing --run automake-1.11'
AWK='gawk'
CC='gcc'
CCDEPMODE='depmode=gcc3'
CFLAGS='-g -O2'
CPP='gcc -E'
CPPFLAGS=''
CXX='g++'
CXXDEPMODE='depmode=gcc3'
CXXFLAGS='-g -O2'
CYGPATH_W='echo'
DEFS='-DHAVE_CONFIG_H'
DEPDIR='.deps'
ECHO_C=''
ECHO_N='-n'
ECHO_T=''
EGREP='/usr/bin/grep -E'
EXEEXT=''
FC_CFLAGS=''
FC_LIBS='-lfontconfig '
FT2_CFLAGS='-I/usr/include/freetype2 '
FT2_LIBS='-lfreetype '
GREP='/usr/bin/grep'
INSTALL_DATA='${INSTALL} -m 644'
INSTALL_PROGRAM='${INSTALL}'
INSTALL_SCRIPT='${INSTALL}'
INSTALL_STRIP_PROGRAM='$(install_sh) -c -s'
LDFLAGS=''
LIBOBJS=''
LIBS='-lutil '
LTLIBOBJS=''
MAKEINFO='${SHELL} /home/soviet/Sources/fbterm-1.7/missing --run makeinfo'
MKDIR_P='/usr/bin/mkdir -p'
OBJEXT='o'
PACKAGE='fbterm'
PACKAGE_BUGREPORT=''
PACKAGE_NAME='FbTerm'
PACKAGE_STRING='FbTerm 1.7'
PACKAGE_TARNAME='fbterm'
PACKAGE_URL=''
PACKAGE_VERSION='1.7'
PATH_SEPARATOR=':'
PKG_CONFIG='/usr/bin/pkg-config'
RANLIB='ranlib'
RELEASE_DATE='October 2010'
SET_MAKE=''
SHELL='/bin/sh'
STRIP=''
VERSION='1.7'
VESA_FALSE='#'
VESA_TRUE=''
X86_LIBS='-lx86'
ac_ct_CC='gcc'
ac_ct_CXX='g++'
am__EXEEXT_FALSE=''
am__EXEEXT_TRUE='#'
am__fastdepCC_FALSE='#'
am__fastdepCC_TRUE=''
am__fastdepCXX_FALSE='#'
am__fastdepCXX_TRUE=''
am__include='include'
am__isrc=''
am__leading_dot='.'
am__quote=''
am__tar='${AMTAR} chof - "$$tardir"'
am__untar='${AMTAR} xf -'
bindir='${exec_prefix}/bin'
build_alias=''
datadir='${datarootdir}'
datarootdir='${prefix}/share'
docdir='${datarootdir}/doc/${PACKAGE_TARNAME}'
dvidir='${docdir}'
exec_prefix='${prefix}'
host_alias=''
htmldir='${docdir}'
includedir='${prefix}/include'
infodir='${datarootdir}/info'
install_sh='${SHELL} /home/soviet/Sources/fbterm-1.7/install-sh'
libdir='${exec_prefix}/lib'
libexecdir='${exec_prefix}/libexec'
localedir='${datarootdir}/locale'
localstatedir='${prefix}/var'
mandir='${datarootdir}/man'
mkdir_p='/usr/bin/mkdir -p'
oldincludedir='/usr/include'
pdfdir='${docdir}'
prefix='/usr/local'
program_transform_name='s,x,x,'
psdir='${docdir}'
sbindir='${exec_prefix}/sbin'
sharedstatedir='${prefix}/com'
sysconfdir='${prefix}/etc'
target_alias=''

## ----------- ##
## confdefs.h. ##
## ----------- ##

/* confdefs.h */
#define PACKAGE_NAME "FbTerm"
#define PACKAGE_TARNAME "fbterm"
#define PACKAGE_VERSION "1.7"
#define PACKAGE_STRING "FbTerm 1.7"
#define PACKAGE_BUGREPORT ""
#define PACKAGE_URL ""
#define PACKAGE "fbterm"
#define VERSION "1.7"
#define HAVE_LIBUTIL 1
#define STDC_HEADERS 1
#define HAVE_SYS_WAIT_H 1
#define HAVE_SYS_TYPES_H 1
#define HAVE_SYS_STAT_H 1
#define HAVE_STDLIB_H 1
#define HAVE_STRING_H 1
#define HAVE_MEMORY_H 1
#define HAVE_STRINGS_H 1
#define HAVE_INTTYPES_H 1
#define HAVE_STDINT_H 1
#define HAVE_UNISTD_H 1
#define HAVE_FCNTL_H 1
#define HAVE_LANGINFO_H 1
#define HAVE_LOCALE_H 1
#define HAVE_STDDEF_H 1
#define HAVE_STDLIB_H 1
#define HAVE_STRING_H 1
#define HAVE_TERMIOS_H 1
#define HAVE_UNISTD_H 1
#define HAVE_SYS_IOCTL_H 1
#define HAVE_SYS_SOCKET_H 1
#define HAVE_SYS_TIME_H 1
#define HAVE_LINUX_FB_H 1
#define HAVE_LINUX_KD_H 1
#define HAVE_LINUX_KEYBOARD_H 1
#define HAVE_LINUX_INPUT_H 1
#define HAVE__BOOL 1
#define HAVE_STDBOOL_H 1
#define HAVE_STDLIB_H 1
#define HAVE_UNISTD_H 1
#define HAVE_SYS_PARAM_H 1
#define HAVE_GETPAGESIZE 1
#define HAVE_MMAP 1
#define RETSIGTYPE void
#define LSTAT_FOLLOWS_SLASHED_SYMLINK 1
#define HAVE_MEMSET 1
#define HAVE_MEMMOVE 1
#define HAVE_MUNMAP 1
#define HAVE_NL_LANGINFO 1
#define HAVE_SETENV 1
#define HAVE_SETLOCALE 1
#define HAVE_SOCKET 1
#define HAVE_STRCASECMP 1
#define HAVE_STRCHR 1
#define HAVE_STRSTR 1
#define HAVE_STRTOL 1
#define HAVE_GPM_H 1
#define HAVE_LIBX86_H 1
#define ENABLE_GPM 1
#define ENABLE_VESA 1
#define HAVE_EPOLL 1
#define HAVE_SIGNALFD 1

configure: exit 0
